0 0 1 1 1 0 1 1 1
0.1 0 1 1 1 0 1 1 1
0.2 0 1 1 1 0 1 1 1
0.3 0 1 1 1 0 1 1 1
0.4 0 1 1 1 0 1 1 1
0.5 0 1 1 1 0 1 1 1
0.6 0 1 1 1 0 1 1 1
0.7 0 1 1 1 0 1 1 1
0.8 0 1 1 1 0 1 1 1
0.9 0 1 1 1 0 1 1 1
1 0 1 1 1 0 1 1 1
1.1 0 1 1 1 0 1 1 1
1.2 0 1 1 1 0 1 1 1
1.3 0 1 1 1 0 1 1 1
1.4 0 1 1 1 0 1 1 1
1.5 0 1 1 1 0 1 1 1
1.6 0 1 1 1 0 1 1 1
1.7 0 1 1 1 0 1 1 1
1.8 0 1 1 1 0 1 1 1
1.9 0 1 1 1 0 1 1 1
2 0 1 1 1 0 1 1 1
2.1 0 1 1 1 0 1 1 1
2.2 0 1 1 1 0 1 1 1
2.3 0 1 1 1 0 1 1 1
2.4 0 1 1 1 0 1 1 1
2.5 0 1 1 1 0 1 1 1
2.6 0 1 1 1 0 1 1 1
2.7 0 1 1 1 0 1 1 1
2.8 0 1 1 1 0 1 1 1
2.9 0 1 1 1 0 1 1 1
3 0 1 1 1 0 1 1 1
3.1 0 1 1 1 0 1 1 1
3.2 0 1 1 1 0 1 1 1
3.3 0 1 1 1 0 1 1 1
3.4 0 1 1 1 0 1 1 1
3.5 0 1 1 1 0 1 1 1
3.6 0 1 1 1 0 1 1 1
3.7 0 1 1 1 0 1 1 1
3.8 0 1 1 1 0 1 1 1
3.9 0 1 1 1 0 1 1 1
4 0 1 1 1 0 1 1 1
4.1 0 1 1 1 0 1 1 1
4.2 0 1 1 1 0 1 1 1
4.3 0 1 1 1 0 1 1 1
4.4 0 1 1 1 0 1 1 1
4.5 0 1 1 1 0 1 1 1
4.6 0 1 1 1 0 1 1 1
4.7 0 1 1 1 0 1 1 1
4.8 0 1 1 1 0 1 1 1
4.9 0 1 1 1 0 1 1 1
5 0 1 1 1 0 1 1 1
5.1 0 1 1 1 0 1 1 1
5.2 0 1 1 1 0 1 1 1
5.3 0 1 1 1 0 1 1 1
5.4 0 1 1 1 0 1 1 1
5.5 0 1 1 1 0 1 1 1
5.6 0 1 1 1 0 1 1 1
5.7 0 1 1 1 0 1 1 1
5.8 0 1 1 1 0 1 1 1
5.9 0 1 1 1 0 1 1 1
6 0 1 1 1 0 1 1 1
6.1 0 1 1 1 0 1 1 1
6.2 0 1 1 1 0 1 1 1
6.3 0 1 1 1 0 1 1 1
6.4 0 1 1 1 0 1 1 1
6.5 0 1 1 1 0 1 1 1
6.6 0 1 1 1 0 1 1 1
6.7 0 1 1 1 0 1 1 1
6.8 0 1 1 1 0 1 1 1
6.9 0 1 1 1 0 1 1 1
7 0 1 1 1 0 1 1 1
7.1 0 1 1 1 0 1 1 1
7.2 0 1 1 1 0 1 1 1
7.3 0 1 1 1 0 1 1 1
7.4 0 1 1 1 0 1 1 1
7.5 0 1 1 1 0 1 1 1
7.6 0 1 1 1 0 1 1 1
7.7 0 1 1 1 0 1 1 1
7.8 0 1 1 1 0 1 1 1
7.9 0 1 1 1 0 1 1 1
8 0 1 1 1 0 1 1 1
8.1 0 1 1 1 0 1 1 1
8.2 0 1 1 1 0 1 1 1
8.3 0 1 1 1 0 1 1 1
8.4 0 1 1 1 0 1 1 1
8.5 0 1 1 1 0 1 1 1
8.6 0 1 1 1 0 1 1 1
8.7 0 1 1 1 0 1 1 1
8.8 0 1 1 1 0 1 1 1
8.9 0 1 1 1 0 1 1 1
9 0 1 1 1 0 1 1 1
9.1 0 1 1 1 0 1 1 1
9.2 0 1 1 1 0 1 1 1
9.3 0 1 1 1 0 1 1 1
9.4 0 1 1 1 0 1 1 1
9.5 0 1 1 1 0 1 1 1
9.6 0 1 1 1 0 1 1 1
9.7 0 1 1 1 0 1 1 1
9.8 0 1 1 1 0 1 1 1
9.9 0 1 1 1 0 1 1 1
10 0 1 1 1 0 1 1 1
10.1 0 0 0 0 0 0 0 0
10.2 0 0 0 0 0 0 0 0
10.3 0 0 0 0 0 0 0 0
10.4 0 0 0 0 0 0 0 0
10.5 0 0 0 0 0 0 0 0
10.6 0 0 0 0 0 0 0 0
10.7 0 0 0 0 0 0 0 0
10.8 0 0 0 0 0 0 0 0
10.9 0 0 0 0 0 0 0 0
11 0 0 0 0 0 0 0 0
11.1 0 0 0 0 0 0 0 0
11.2 0 0 0 0 0 0 0 0
11.3 0 0 0 0 0 0 0 0
11.4 0 0 0 0 0 0 0 0
11.5 0 0 0 0 0 0 0 0
11.6 0 0 0 0 0 0 0 0
11.7 0 0 0 0 0 0 0 0
11.8 0 0 0 0 0 0 0 0
11.9 0 0 0 0 0 0 0 0
12 0 0 0 0 0 0 0 0
12.1 0 0 0 0 0 0 0 0
12.2 0 0 0 0 0 0 0 0
12.3 0 0 0 0 0 0 0 0
12.4 0 0 0 0 0 0 0 0
12.5 0 0 0 0 0 0 0 0
12.6 0 0 0 0 0 0 0 0
12.7 0 0 0 0 0 0 0 0
12.8 0 0 0 0 0 0 0 0
12.9 0 0 0 0 0 0 0 0
13 0 0 0 0 0 0 0 0
13.1 0 0 0 0 0 0 0 0
13.2 0 0 0 0 0 0 0 0
13.3 0 0 0 0 0 0 0 0
13.4 0 0 0 0 0 0 0 0
13.5 0 0 0 0 0 0 0 0
13.6 0 0 0 0 0 0 0 0
13.7 0 0 0 0 0 0 0 0
13.8 0 0 0 0 0 0 0 0
13.9 0 0 0 0 0 0 0 0
14 0 0 0 0 0 0 0 0
14.1 0 0 0 0 0 0 0 0
14.2 0 0 0 0 0 0 0 0
14.3 0 0 0 0 0 0 0 0
14.4 0 0 0 0 0 0 0 0
14.5 0 0 0 0 0 0 0 0
14.6 0 0 0 0 0 0 0 0
14.7 0 0 0 0 0 0 0 0
14.8 0 0 0 0 0 0 0 0
14.9 0 0 0 0 0 0 0 0
15 0 0 0 0 0 0 0 0
15.1 0 0 0 0 0 0 0 0
15.2 0 0 0 0 0 0 0 0
15.3 0 0 0 0 0 0 0 0
15.4 0 0 0 0 0 0 0 0
15.5 0 0 0 0 0 0 0 0
15.6 0 0 0 0 0 0 0 0
15.7 0 0 0 0 0 0 0 0
15.8 0 0 0 0 0 0 0 0
15.9 0 0 0 0 0 0 0 0
16 0 0 0 0 0 0 0 0
16.1 0 1 1 1 0 1 1 1
16.2 0 1 1 1 0 1 1 1
16.3 0 1 1 1 0 1 1 1
16.4 0 1 1 1 0 1 1 1
16.5 0 1 1 1 0 1 1 1
16.6 0 1 1 1 0 1 1 1
16.7 0 1 1 1 0 1 1 1
16.8 0 1 1 1 0 1 1 1
16.9 0 1 1 1 0 1 1 1
17 0 1 1 1 0 1 1 1
17.1 0 1 1 1 0 1 1 1
17.2 0 1 1 1 0 1 1 1
17.3 0 1 1 1 0 1 1 1
17.4 0 1 1 1 0 1 1 1
17.5 0 1 1 1 0 1 1 1
17.6 0 1 1 1 0 1 1 1
17.7 0 1 1 1 0 1 1 1
17.8 0 1 1 1 0 1 1 1
17.9 0 1 1 1 0 1 1 1
18 0 1 1 1 0 1 1 1
18.1 0 1 1 1 0 1 1 1
18.2 0 1 1 1 0 1 1 1
18.3 0 1 1 1 0 1 1 1
18.4 0 1 1 1 0 1 1 1
18.5 0 1 1 1 0 1 1 1
18.6 0 1 1 1 0 1 1 1
18.7 0 1 1 1 0 1 1 1
18.8 0 1 1 1 0 1 1 1
18.9 0 1 1 1 0 1 1 1
19 0 1 1 1 0 1 1 1
19.1 0 1 1 1 0 1 1 1
19.2 0 1 1 1 0 1 1 1
19.3 0 1 1 1 0 1 1 1
19.4 0 1 1 1 0 1 1 1
19.5 0 1 1 1 0 1 1 1
19.6 0 1 1 1 0 1 1 1
19.7 0 1 1 1 0 1 1 1
19.8 0 1 1 1 0 1 1 1
19.9 0 1 1 1 0 1 1 1
20 0 1 1 1 0 1 1 1
20.1 0 1 1 1 0 1 1 1
20.2 0 1 1 1 0 1 1 1
20.3 0 1 1 1 0 1 1 1
20.4 0 1 1 1 0 1 1 1
20.5 0 1 1 1 0 1 1 1
20.6 0 1 1 1 0 1 1 1
20.7 0 1 1 1 0 1 1 1
20.8 0 1 1 1 0 1 1 1
20.9 0 1 1 1 0 1 1 1
21 0 1 1 1 0 1 1 1
21.1 0 1 1 1 0 1 1 1
21.2 0 1 1 1 0 1 1 1
21.3 0 1 1 1 0 1 1 1
21.4 0 1 1 1 0 1 1 1
21.5 0 1 1 1 0 1 1 1
21.6 0 1 1 1 0 1 1 1
21.7 0 1 1 1 0 1 1 1
21.8 0 1 1 1 0 1 1 1
21.9 0 1 1 1 0 1 1 1
22 0 1 1 1 0 1 1 1
22.1 0 1 1 1 0 1 1 1
22.2 0 1 1 1 0 1 1 1
22.3 0 1 1 1 0 1 1 1
22.4 0 1 1 1 0 1 1 1
22.5 0 1 1 1 0 1 1 1
22.6 0 1 1 1 0 1 1 1
22.7 0 1 1 1 0 1 1 1
22.8 0 1 1 1 0 1 1 1
22.9 0 1 1 1 0 1 1 1
23 0 1 1 1 0 1 1 1
23.1 0 1 1 1 0 1 1 1
23.2 0 1 1 1 0 1 1 1
23.3 0 1 1 1 0 1 1 1
23.4 0 1 1 1 0 1 1 1
23.5 0 1 1 1 0 1 1 1
23.6 0 1 1 1 0 1 1 1
23.7 0 1 1 1 0 1 1 1
23.8 0 1 1 1 0 1 1 1
23.9 0 1 1 1 0 1 1 1
24 0 1 1 1 0 1 1 1
24.1 0 1 1 1 0 1 1 1
24.2 0 1 1 1 0 1 1 1
24.3 0 1 1 1 0 1 1 1
24.4 0 1 1 1 0 1 1 1
24.5 0 1 1 1 0 1 1 1
24.6 0 1 1 1 0 1 1 1
24.7 0 1 1 1 0 1 1 1
24.8 0 1 1 1 0 1 1 1
24.9 0 1 1 1 0 1 1 1
25 0 1 1 1 0 1 1 1
25.1 0 1 1 1 0 1 1 1
25.2 0 1 1 1 0 1 1 1
25.3 0 1 1 1 0 1 1 1
25.4 0 1 1 1 0 1 1 1
25.5 0 1 1 1 0 1 1 1
25.6 0 1 1 1 0 1 1 1
25.7 0 1 1 1 0 1 1 1
25.8 0 1 1 1 0 1 1 1
25.9 0 1 1 1 0 1 1 1
26 0 0 0 0 0 0 0 0
26.1 0 0 0 0 0 0 0 0
26.2 0 0 0 0 0 0 0 0
26.3 0 0 0 0 0 0 0 0
26.4 0 0 0 0 0 0 0 0
26.5 0 0 0 0 0 0 0 0
26.6 0 0 0 0 0 0 0 0
26.7 0 0 0 0 0 0 0 0
26.8 0 0 0 0 0 0 0 0
26.9 0 0 0 0 0 0 0 0
27 0 0 0 0 0 0 0 0
27.1 0 0 0 0 0 0 0 0
27.2 0 0 0 0 0 0 0 0
27.3 0 0 0 0 0 0 0 0
27.4 0 0 0 0 0 0 0 0
27.5 0 0 0 0 0 0 0 0
27.6 0 0 0 0 0 0 0 0
27.7 0 0 0 0 0 0 0 0
27.8 0 0 0 0 0 0 0 0
27.9 0 0 0 0 0 0 0 0
28 0 0 0 0 0 0 0 0
28.1 0 0 0 0 0 0 0 0
28.2 0 0 0 0 0 0 0 0
28.3 0 0 0 0 0 0 0 0
28.4 0 0 0 0 0 0 0 0
28.5 0 0 0 0 0 0 0 0
28.6 0 0 0 0 0 0 0 0
28.7 0 0 0 0 0 0 0 0
28.8 0 0 0 0 0 0 0 0
28.9 0 0 0 0 0 0 0 0
29 0 0 0 0 0 0 0 0
29.1 0 0 0 0 0 0 0 0
29.2 0 0 0 0 0 0 0 0
29.3 0 0 0 0 0 0 0 0
29.4 0 0 0 0 0 0 0 0
29.5 0 0 0 0 0 0 0 0
29.6 0 0 0 0 0 0 0 0
29.7 0 0 0 0 0 0 0 0
29.8 0 0 0 0 0 0 0 0
29.9 0 0 0 0 0 0 0 0
30 0 0 0 0 0 0 0 0
30.1 0 0 0 0 0 0 0 0
30.2 0 0 0 0 0 0 0 0
30.3 0 0 0 0 0 0 0 0
30.4 0 0 0 0 0 0 0 0
30.5 0 0 0 0 0 0 0 0
30.6 0 0 0 0 0 0 0 0
30.7 0 0 0 0 0 0 0 0
30.8 0 0 0 0 0 0 0 0
30.9 0 0 0 0 0 0 0 0
31 0 0 0 0 0 0 0 0
31.1 0 0 0 0 0 0 0 0
31.2 0 0 0 0 0 0 0 0
31.3 0 0 0 0 0 0 0 0
31.4 0 0 0 0 0 0 0 0
31.5 0 0 0 0 0 0 0 0
31.6 0 0 0 0 0 0 0 0
31.7 0 0 0 0 0 0 0 0
31.8 0 0 0 0 0 0 0 0
31.9 0 0 0 0 0 0 0 0
32 0 1 1 1 0 1 1 1
32.1 0 1 1 1 0 1 1 1
32.2 0 1 1 1 0 1 1 1
32.3 0 1 1 1 0 1 1 1
32.4 0 1 1 1 0 1 1 1
32.5 0 1 1 1 0 1 1 1
32.6 0 1 1 1 0 1 1 1
32.7 0 1 1 1 0 1 1 1
32.8 0 1 1 1 0 1 1 1
32.9 0 1 1 1 0 1 1 1
33 0 1 1 1 0 1 1 1
33.1 0 1 1 1 0 1 1 1
33.2 0 1 1 1 0 1 1 1
33.3 0 1 1 1 0 1 1 1
33.4 0 1 1 1 0 1 1 1
33.5 0 1 1 1 0 1 1 1
33.6 0 1 1 1 0 1 1 1
33.7 0 1 1 1 0 1 1 1
33.8 0 1 1 1 0 1 1 1
33.9 0 1 1 1 0 1 1 1
34 0 1 1 1 0 1 1 1
34.1 0 1 1 1 0 1 1 1
34.2 0 1 1 1 0 1 1 1
34.3 0 1 1 1 0 1 1 1
34.4 0 1 1 1 0 1 1 1
34.5 0 1 1 1 0 1 1 1
34.6 0 1 1 1 0 1 1 1
34.7 0 1 1 1 0 1 1 1
34.8 0 1 1 1 0 1 1 1
34.9 0 1 1 1 0 1 1 1
35 0 1 1 1 0 1 1 1
35.1 0 1 1 1 0 1 1 1
35.2 0 1 1 1 0 1 1 1
35.3 0 1 1 1 0 1 1 1
35.4 0 1 1 1 0 1 1 1
35.5 0 1 1 1 0 1 1 1
35.6 0 1 1 1 0 1 1 1
35.7 0 1 1 1 0 1 1 1
35.8 0 1 1 1 0 1 1 1
35.9 0 1 1 1 0 1 1 1
36 0 1 1 1 0 1 1 1
36.1 0 1 1 1 0 1 1 1
36.2 0 1 1 1 0 1 1 1
36.3 0 1 1 1 0 1 1 1
36.4 0 1 1 1 0 1 1 1
36.5 0 1 1 1 0 1 1 1
36.6 0 1 1 1 0 1 1 1
36.7 0 1 1 1 0 1 1 1
36.8 0 1 1 1 0 1 1 1
36.9 0 1 1 1 0 1 1 1
37 0 1 1 1 0 1 1 1
37.1 0 1 1 1 0 1 1 1
37.2 0 1 1 1 0 1 1 1
37.3 0 1 1 1 0 1 1 1
37.4 0 1 1 1 0 1 1 1
37.5 0 1 1 1 0 1 1 1
37.6 0 1 1 1 0 1 1 1
37.7 0 1 1 1 0 1 1 1
37.8 0 1 1 1 0 1 1 1
37.9 0 1 1 1 0 1 1 1
38 0 1 1 1 0 1 1 1
38.1 0 1 1 1 0 1 1 1
38.2 0 1 1 1 0 1 1 1
38.3 0 1 1 1 0 1 1 1
38.4 0 1 1 1 0 1 1 1
38.5 0 1 1 1 0 1 1 1
38.6 0 1 1 1 0 1 1 1
38.7 0 1 1 1 0 1 1 1
38.8 0 1 1 1 0 1 1 1
38.9 0 1 1 1 0 1 1 1
39 0 1 1 1 0 1 1 1
39.1 0 1 1 1 0 1 1 1
39.2 0 1 1 1 0 1 1 1
39.3 0 1 1 1 0 1 1 1
39.4 0 1 1 1 0 1 1 1
39.5 0 1 1 1 0 1 1 1
39.6 0 1 1 1 0 1 1 1
39.7 0 1 1 1 0 1 1 1
39.8 0 1 1 1 0 1 1 1
39.9 0 1 1 1 0 1 1 1
40 0 1 1 1 0 1 1 1
40.1 0 1 1 1 0 1 1 1
40.2 0 1 1 1 0 1 1 1
40.3 0 1 1 1 0 1 1 1
40.4 0 1 1 1 0 1 1 1
40.5 0 1 1 1 0 1 1 1
40.6 0 1 1 1 0 1 1 1
40.7 0 1 1 1 0 1 1 1
40.8 0 1 1 1 0 1 1 1
40.9 0 1 1 1 0 1 1 1
41 0 1 1 1 0 1 1 1
41.1 0 1 1 1 0 1 1 1
41.2 0 1 1 1 0 1 1 1
41.3 0 1 1 1 0 1 1 1
41.4 0 1 1 1 0 1 1 1
41.5 0 1 1 1 0 1 1 1
41.6 0 1 1 1 0 1 1 1
41.7 0 1 1 1 0 1 1 1
41.8 0 1 1 1 0 1 1 1
41.9 0 1 1 1 0 1 1 1
42 0 0 0 0 0 0 0 0
42.1 0 0 0 0 0 0 0 0
42.2 0 0 0 0 0 0 0 0
42.3 0 0 0 0 0 0 0 0
42.4 0 0 0 0 0 0 0 0
42.5 0 0 0 0 0 0 0 0
42.6 0 0 0 0 0 0 0 0
42.7 0 0 0 0 0 0 0 0
42.8 0 0 0 0 0 0 0 0
42.9 0 0 0 0 0 0 0 0
43 0 0 0 0 0 0 0 0
43.1 0 0 0 0 0 0 0 0
43.2 0 0 0 0 0 0 0 0
43.3 0 0 0 0 0 0 0 0
43.4 0 0 0 0 0 0 0 0
43.5 0 0 0 0 0 0 0 0
43.6 0 0 0 0 0 0 0 0
43.7 0 0 0 0 0 0 0 0
43.8 0 0 0 0 0 0 0 0
43.9 0 0 0 0 0 0 0 0
44 0 0 0 0 0 0 0 0
44.1 0 0 0 0 0 0 0 0
44.2 0 0 0 0 0 0 0 0
44.3 0 0 0 0 0 0 0 0
44.4 0 0 0 0 0 0 0 0
44.5 0 0 0 0 0 0 0 0
44.6 0 0 0 0 0 0 0 0
44.7 0 0 0 0 0 0 0 0
44.8 0 0 0 0 0 0 0 0
44.9 0 0 0 0 0 0 0 0
45 0 0 0 0 0 0 0 0
45.1 0 0 0 0 0 0 0 0
45.2 0 0 0 0 0 0 0 0
45.3 0 0 0 0 0 0 0 0
45.4 0 0 0 0 0 0 0 0
45.5 0 0 0 0 0 0 0 0
45.6 0 0 0 0 0 0 0 0
45.7 0 0 0 0 0 0 0 0
45.8 0 0 0 0 0 0 0 0
45.9 0 0 0 0 0 0 0 0
46 0 0 0 0 0 0 0 0
46.1 0 0 0 0 0 0 0 0
46.2 0 0 0 0 0 0 0 0
46.3 0 0 0 0 0 0 0 0
46.4 0 0 0 0 0 0 0 0
46.5 0 0 0 0 0 0 0 0
46.6 0 0 0 0 0 0 0 0
46.7 0 0 0 0 0 0 0 0
46.8 0 0 0 0 0 0 0 0
46.9 0 0 0 0 0 0 0 0
47 0 0 0 0 0 0 0 0
47.1 0 0 0 0 0 0 0 0
47.2 0 0 0 0 0 0 0 0
47.3 0 0 0 0 0 0 0 0
47.4 0 0 0 0 0 0 0 0
47.5 0 0 0 0 0 0 0 0
47.6 0 0 0 0 0 0 0 0
47.7 0 0 0 0 0 0 0 0
47.8 0 0 0 0 0 0 0 0
47.9 0 0 0 0 0 0 0 0
48 0 1 1 1 0 1 1 1
48.1 0 1 1 1 0 1 1 1
48.2 0 1 1 1 0 1 1 1
48.3 0 1 1 1 0 1 1 1
48.4 0 1 1 1 0 1 1 1
48.5 0 1 1 1 0 1 1 1
48.6 0 1 1 1 0 1 1 1
48.7 0 1 1 1 0 1 1 1
48.8 0 1 1 1 0 1 1 1
48.9 0 1 1 1 0 1 1 1
49 0 1 1 1 0 1 1 1
49.1 0 1 1 1 0 1 1 1
49.2 0 1 1 1 0 1 1 1
49.3 0 1 1 1 0 1 1 1
49.4 0 1 1 1 0 1 1 1
49.5 0 1 1 1 0 1 1 1
49.6 0 1 1 1 0 1 1 1
49.7 0 1 1 1 0 1 1 1
49.8 0 1 1 1 0 1 1 1
49.9 0 1 1 1 0 1 1 1
50 0 1 1 1 0 1 1 1
50.1 0 1 1 1 0 1 1 1
50.2 0 1 1 1 0 1 1 1
50.3 0 1 1 1 0 1 1 1
50.4 0 1 1 1 0 1 1 1
50.5 0 1 1 1 0 1 1 1
50.6 0 1 1 1 0 1 1 1
50.7 0 1 1 1 0 1 1 1
50.8 0 1 1 1 0 1 1 1
50.9 0 1 1 1 0 1 1 1
51 0 1 1 1 0 1 1 1
51.1 0 1 1 1 0 1 1 1
51.2 0 1 1 1 0 1 1 1
51.3 0 1 1 1 0 1 1 1
51.4 0 1 1 1 0 1 1 1
51.5 0 1 1 1 0 1 1 1
51.6 0 1 1 1 0 1 1 1
51.7 0 1 1 1 0 1 1 1
51.8 0 1 1 1 0 1 1 1
51.9 0 1 1 1 0 1 1 1
52 0 1 1 1 0 1 1 1
52.1 0 1 1 1 0 1 1 1
52.2 0 1 1 1 0 1 1 1
52.3 0 1 1 1 0 1 1 1
52.4 0 1 1 1 0 1 1 1
52.5 0 1 1 1 0 1 1 1
52.6 0 1 1 1 0 1 1 1
52.7 0 1 1 1 0 1 1 1
52.8 0 1 1 1 0 1 1 1
52.9 0 1 1 1 0 1 1 1
53 0 1 1 1 0 1 1 1
53.1 0 1 1 1 0 1 1 1
53.2 0 1 1 1 0 1 1 1
53.3 0 1 1 1 0 1 1 1
53.4 0 1 1 1 0 1 1 1
53.5 0 1 1 1 0 1 1 1
53.6 0 1 1 1 0 1 1 1
53.7 0 1 1 1 0 1 1 1
53.8 0 1 1 1 0 1 1 1
53.9 0 1 1 1 0 1 1 1
54 0 1 1 1 0 1 1 1
54.1 0 1 1 1 0 1 1 1
54.2 0 1 1 1 0 1 1 1
54.3 0 1 1 1 0 1 1 1
54.4 0 1 1 1 0 1 1 1
54.5 0 1 1 1 0 1 1 1
54.6 0 1 1 1 0 1 1 1
54.7 0 1 1 1 0 1 1 1
54.8 0 1 1 1 0 1 1 1
54.9 0 1 1 1 0 1 1 1
55 0 1 1 1 0 1 1 1
55.1 0 1 1 1 0 1 1 1
55.2 0 1 1 1 0 1 1 1
55.3 0 1 1 1 0 1 1 1
55.4 0 1 1 1 0 1 1 1
55.5 0 1 1 1 0 1 1 1
55.6 0 1 1 1 0 1 1 1
55.7 0 1 1 1 0 1 1 1
55.8 0 1 1 1 0 1 1 1
55.9 0 1 1 1 0 1 1 1
56 0 1 1 1 0 1 1 1
56.1 0 1 1 1 0 1 1 1
56.2 0 1 1 1 0 1 1 1
56.3 0 1 1 1 0 1 1 1
56.4 0 1 1 1 0 1 1 1
56.5 0 1 1 1 0 1 1 1
56.6 0 1 1 1 0 1 1 1
56.7 0 1 1 1 0 1 1 1
56.8 0 1 1 1 0 1 1 1
56.9 0 1 1 1 0 1 1 1
57 0 1 1 1 0 1 1 1
57.1 0 1 1 1 0 1 1 1
57.2 0 1 1 1 0 1 1 1
57.3 0 1 1 1 0 1 1 1
57.4 0 1 1 1 0 1 1 1
57.5 0 1 1 1 0 1 1 1
57.6 0 1 1 1 0 1 1 1
57.7 0 1 1 1 0 1 1 1
57.8 0 1 1 1 0 1 1 1
57.9 0 1 1 1 0 1 1 1
58 0 0 0 0 0 0 0 0
58.1 0 0 0 0 0 0 0 0
58.2 0 0 0 0 0 0 0 0
58.3 0 0 0 0 0 0 0 0
58.4 0 0 0 0 0 0 0 0
58.5 0 0 0 0 0 0 0 0
58.6 0 0 0 0 0 0 0 0
58.7 0 0 0 0 0 0 0 0
58.8 0 0 0 0 0 0 0 0
58.9 0 0 0 0 0 0 0 0
59 0 0 0 0 0 0 0 0
59.1 0 0 0 0 0 0 0 0
59.2 0 0 0 0 0 0 0 0
59.3 0 0 0 0 0 0 0 0
59.4 0 0 0 0 0 0 0 0
59.5 0 0 0 0 0 0 0 0
59.6 0 0 0 0 0 0 0 0
59.7 0 0 0 0 0 0 0 0
59.8 0 0 0 0 0 0 0 0
59.9 0 0 0 0 0 0 0 0
60 0 0 0 0 0 0 0 0
60.1 0 0 0 0 0 0 0 0
60.2 0 0 0 0 0 0 0 0
60.3 0 0 0 0 0 0 0 0
60.4 0 0 0 0 0 0 0 0
60.5 0 0 0 0 0 0 0 0
60.6 0 0 0 0 0 0 0 0
60.7 0 0 0 0 0 0 0 0
60.8 0 0 0 0 0 0 0 0
60.9 0 0 0 0 0 0 0 0
61 0 0 0 0 0 0 0 0
61.1 0 0 0 0 0 0 0 0
61.2 0 0 0 0 0 0 0 0
61.3 0 0 0 0 0 0 0 0
61.4 0 0 0 0 0 0 0 0
61.5 0 0 0 0 0 0 0 0
61.6 0 0 0 0 0 0 0 0
61.7 0 0 0 0 0 0 0 0
61.8 0 0 0 0 0 0 0 0
61.9 0 0 0 0 0 0 0 0
62 0 0 0 0 0 0 0 0
62.1 0 0 0 0 0 0 0 0
62.2 0 0 0 0 0 0 0 0
62.3 0 0 0 0 0 0 0 0
62.4 0 0 0 0 0 0 0 0
62.5 0 0 0 0 0 0 0 0
62.6 0 0 0 0 0 0 0 0
62.7 0 0 0 0 0 0 0 0
62.8 0 0 0 0 0 0 0 0
62.9 0 0 0 0 0 0 0 0
63 0 0 0 0 0 0 0 0
63.1 0 0 0 0 0 0 0 0
63.2 0 0 0 0 0 0 0 0
63.3 0 0 0 0 0 0 0 0
63.4 0 0 0 0 0 0 0 0
63.5 0 0 0 0 0 0 0 0
63.6 0 0 0 0 0 0 0 0
63.7 0 0 0 0 0 0 0 0
63.8 0 0 0 0 0 0 0 0
63.9 0 0 0 0 0 0 0 0
64 0 1 1 1 0 1 1 1
64.1 0 1 1 1 0 1 1 1
64.2 0 1 1 1 0 1 1 1
64.3 0 1 1 1 0 1 1 1
64.4 0 1 1 1 0 1 1 1
64.5 0 1 1 1 0 1 1 1
64.6 0 1 1 1 0 1 1 1
64.7 0 1 1 1 0 1 1 1
64.8 0 1 1 1 0 1 1 1
64.9 0 1 1 1 0 1 1 1
65 0 1 1 1 0 1 1 1
65.1 0 1 1 1 0 1 1 1
65.2 0 1 1 1 0 1 1 1
65.3 0 1 1 1 0 1 1 1
65.4 0 1 1 1 0 1 1 1
65.5 0 1 1 1 0 1 1 1
65.6 0 1 1 1 0 1 1 1
65.7 0 1 1 1 0 1 1 1
65.8 0 1 1 1 0 1 1 1
65.9 0 1 1 1 0 1 1 1
66 0 1 1 1 0 1 1 1
66.1 0 1 1 1 0 1 1 1
66.2 0 1 1 1 0 1 1 1
66.3 0 1 1 1 0 1 1 1
66.4 0 1 1 1 0 1 1 1
66.5 0 1 1 1 0 1 1 1
66.6 0 1 1 1 0 1 1 1
66.7 0 1 1 1 0 1 1 1
66.8 0 1 1 1 0 1 1 1
66.9 0 1 1 1 0 1 1 1
67 0 1 1 1 0 1 1 1
67.1 0 1 1 1 0 1 1 1
67.2 0 1 1 1 0 1 1 1
67.3 0 1 1 1 0 1 1 1
67.4 0 1 1 1 0 1 1 1
67.5 0 1 1 1 0 1 1 1
67.6 0 1 1 1 0 1 1 1
67.7 0 1 1 1 0 1 1 1
67.8 0 1 1 1 0 1 1 1
67.9 0 1 1 1 0 1 1 1
68 0 1 1 1 0 1 1 1
68.1 0 1 1 1 0 1 1 1
68.2 0 1 1 1 0 1 1 1
68.3 0 1 1 1 0 1 1 1
68.4 0 1 1 1 0 1 1 1
68.5 0 1 1 1 0 1 1 1
68.6 0 1 1 1 0 1 1 1
68.7 0 1 1 1 0 1 1 1
68.8 0 1 1 1 0 1 1 1
68.9 0 1 1 1 0 1 1 1
69 0 1 1 1 0 1 1 1
69.1 0 1 1 1 0 1 1 1
69.2 0 1 1 1 0 1 1 1
69.3 0 1 1 1 0 1 1 1
69.4 0 1 1 1 0 1 1 1
69.5 0 1 1 1 0 1 1 1
69.6 0 1 1 1 0 1 1 1
69.7 0 1 1 1 0 1 1 1
69.8 0 1 1 1 0 1 1 1
69.9 0 1 1 1 0 1 1 1
70 0 1 1 1 0 1 1 1
70.1 0 1 1 1 0 1 1 1
70.2 0 1 1 1 0 1 1 1
70.3 0 1 1 1 0 1 1 1
70.4 0 1 1 1 0 1 1 1
70.5 0 1 1 1 0 1 1 1
70.6 0 1 1 1 0 1 1 1
70.7 0 1 1 1 0 1 1 1
70.8 0 1 1 1 0 1 1 1
70.9 0 1 1 1 0 1 1 1
71 0 1 1 1 0 1 1 1
71.1 0 1 1 1 0 1 1 1
71.2 0 1 1 1 0 1 1 1
71.3 0 1 1 1 0 1 1 1
71.4 0 1 1 1 0 1 1 1
71.5 0 1 1 1 0 1 1 1
71.6 0 1 1 1 0 1 1 1
71.7 0 1 1 1 0 1 1 1
71.8 0 1 1 1 0 1 1 1
71.9 0 1 1 1 0 1 1 1
72 0 1 1 1 0 1 1 1
72.1 0 1 1 1 0 1 1 1
72.2 0 1 1 1 0 1 1 1
72.3 0 1 1 1 0 1 1 1
72.4 0 1 1 1 0 1 1 1
72.5 0 1 1 1 0 1 1 1
72.6 0 1 1 1 0 1 1 1
72.7 0 1 1 1 0 1 1 1
72.8 0 1 1 1 0 1 1 1
72.9 0 1 1 1 0 1 1 1
73 0 1 1 1 0 1 1 1
73.1 0 1 1 1 0 1 1 1
73.2 0 1 1 1 0 1 1 1
73.3 0 1 1 1 0 1 1 1
73.4 0 1 1 1 0 1 1 1
73.5 0 1 1 1 0 1 1 1
73.6 0 1 1 1 0 1 1 1
73.7 0 1 1 1 0 1 1 1
73.8 0 1 1 1 0 1 1 1
73.9 0 1 1 1 0 1 1 1
74 0 0 0 0 0 0 0 0
74.1 0 0 0 0 0 0 0 0
74.2 0 0 0 0 0 0 0 0
74.3 0 0 0 0 0 0 0 0
74.4 0 0 0 0 0 0 0 0
74.5 0 0 0 0 0 0 0 0
74.6 0 0 0 0 0 0 0 0
74.7 0 0 0 0 0 0 0 0
74.8 0 0 0 0 0 0 0 0
74.9 0 0 0 0 0 0 0 0
75 0 0 0 0 0 0 0 0
75.1 0 0 0 0 0 0 0 0
75.2 0 0 0 0 0 0 0 0
75.3 0 0 0 0 0 0 0 0
75.4 0 0 0 0 0 0 0 0
75.5 0 0 0 0 0 0 0 0
75.6 0 0 0 0 0 0 0 0
75.7 0 0 0 0 0 0 0 0
75.8 0 0 0 0 0 0 0 0
75.9 0 0 0 0 0 0 0 0
76 0 0 0 0 0 0 0 0
76.1 0 0 0 0 0 0 0 0
76.2 0 0 0 0 0 0 0 0
76.3 0 0 0 0 0 0 0 0
76.4 0 0 0 0 0 0 0 0
76.5 0 0 0 0 0 0 0 0
76.6 0 0 0 0 0 0 0 0
76.7 0 0 0 0 0 0 0 0
76.8 0 0 0 0 0 0 0 0
76.9 0 0 0 0 0 0 0 0
77 0 0 0 0 0 0 0 0
77.1 0 0 0 0 0 0 0 0
77.2 0 0 0 0 0 0 0 0
77.3 0 0 0 0 0 0 0 0
77.4 0 0 0 0 0 0 0 0
77.5 0 0 0 0 0 0 0 0
77.6 0 0 0 0 0 0 0 0
77.7 0 0 0 0 0 0 0 0
77.8 0 0 0 0 0 0 0 0
77.9 0 0 0 0 0 0 0 0
78 0 0 0 0 0 0 0 0
78.1 0 0 0 0 0 0 0 0
78.2 0 0 0 0 0 0 0 0
78.3 0 0 0 0 0 0 0 0
78.4 0 0 0 0 0 0 0 0
78.5 0 0 0 0 0 0 0 0
78.6 0 0 0 0 0 0 0 0
78.7 0 0 0 0 0 0 0 0
78.8 0 0 0 0 0 0 0 0
78.9 0 0 0 0 0 0 0 0
79 0 0 0 0 0 0 0 0
79.1 0 0 0 0 0 0 0 0
79.2 0 0 0 0 0 0 0 0
79.3 0 0 0 0 0 0 0 0
79.4 0 0 0 0 0 0 0 0
79.5 0 0 0 0 0 0 0 0
79.6 0 0 0 0 0 0 0 0
79.7 0 0 0 0 0 0 0 0
79.8 0 0 0 0 0 0 0 0
79.9 0 0 0 0 0 0 0 0
80 0 0 0 0 0 0 0 0
80.1 0 1 1 1 0 1 1 1
80.2 0 1 1 1 0 1 1 1
80.3 0 1 1 1 0 1 1 1
80.4 0 1 1 1 0 1 1 1
80.5 0 1 1 1 0 1 1 1
80.6 0 1 1 1 0 1 1 1
80.7 0 1 1 1 0 1 1 1
80.8 0 1 1 1 0 1 1 1
80.9 0 1 1 1 0 1 1 1
81 0 1 1 1 0 1 1 1
81.1 0 1 1 1 0 1 1 1
81.2 0 1 1 1 0 1 1 1
81.3 0 1 1 1 0 1 1 1
81.4 0 1 1 1 0 1 1 1
81.5 0 1 1 1 0 1 1 1
81.6 0 1 1 1 0 1 1 1
81.7 0 1 1 1 0 1 1 1
81.8 0 1 1 1 0 1 1 1
81.9 0 1 1 1 0 1 1 1
82 0 1 1 1 0 1 1 1
82.1 0 1 1 1 0 1 1 1
82.2 0 1 1 1 0 1 1 1
82.3 0 1 1 1 0 1 1 1
82.4 0 1 1 1 0 1 1 1
82.5 0 1 1 1 0 1 1 1
82.6 0 1 1 1 0 1 1 1
82.7 0 1 1 1 0 1 1 1
82.8 0 1 1 1 0 1 1 1
82.9 0 1 1 1 0 1 1 1
83 0 1 1 1 0 1 1 1
83.1 0 1 1 1 0 1 1 1
83.2 0 1 1 1 0 1 1 1
83.3 0 1 1 1 0 1 1 1
83.4 0 1 1 1 0 1 1 1
83.5 0 1 1 1 0 1 1 1
83.6 0 1 1 1 0 1 1 1
83.7 0 1 1 1 0 1 1 1
83.8 0 1 1 1 0 1 1 1
83.9 0 1 1 1 0 1 1 1
84 0 1 1 1 0 1 1 1
84.1 0 1 1 1 0 1 1 1
84.2 0 1 1 1 0 1 1 1
84.3 0 1 1 1 0 1 1 1
84.4 0 1 1 1 0 1 1 1
84.5 0 1 1 1 0 1 1 1
84.6 0 1 1 1 0 1 1 1
84.7 0 1 1 1 0 1 1 1
84.8 0 1 1 1 0 1 1 1
84.9 0 1 1 1 0 1 1 1
85 0 1 1 1 0 1 1 1
85.1 0 1 1 1 0 1 1 1
85.2 0 1 1 1 0 1 1 1
85.3 0 1 1 1 0 1 1 1
85.4 0 1 1 1 0 1 1 1
85.5 0 1 1 1 0 1 1 1
85.6 0 1 1 1 0 1 1 1
85.7 0 1 1 1 0 1 1 1
85.8 0 1 1 1 0 1 1 1
85.9 0 1 1 1 0 1 1 1
86 0 1 1 1 0 1 1 1
86.1 0 1 1 1 0 1 1 1
86.2 0 1 1 1 0 1 1 1
86.3 0 1 1 1 0 1 1 1
86.4 0 1 1 1 0 1 1 1
86.5 0 1 1 1 0 1 1 1
86.6 0 1 1 1 0 1 1 1
86.7 0 1 1 1 0 1 1 1
86.8 0 1 1 1 0 1 1 1
86.9 0 1 1 1 0 1 1 1
87 0 1 1 1 0 1 1 1
87.1 0 1 1 1 0 1 1 1
87.2 0 1 1 1 0 1 1 1
87.3 0 1 1 1 0 1 1 1
87.4 0 1 1 1 0 1 1 1
87.5 0 1 1 1 0 1 1 1
87.6 0 1 1 1 0 1 1 1
87.7 0 1 1 1 0 1 1 1
87.8 0 1 1 1 0 1 1 1
87.9 0 1 1 1 0 1 1 1
88 0 1 1 1 0 1 1 1
88.1 0 1 1 1 0 1 1 1
88.2 0 1 1 1 0 1 1 1
88.3 0 1 1 1 0 1 1 1
88.4 0 1 1 1 0 1 1 1
88.5 0 1 1 1 0 1 1 1
88.6 0 1 1 1 0 1 1 1
88.7 0 1 1 1 0 1 1 1
88.8 0 1 1 1 0 1 1 1
88.9 0 1 1 1 0 1 1 1
89 0 1 1 1 0 1 1 1
89.1 0 1 1 1 0 1 1 1
89.2 0 1 1 1 0 1 1 1
89.3 0 1 1 1 0 1 1 1
89.4 0 1 1 1 0 1 1 1
89.5 0 1 1 1 0 1 1 1
89.6 0 1 1 1 0 1 1 1
89.7 0 1 1 1 0 1 1 1
89.8 0 1 1 1 0 1 1 1
89.9 0 1 1 1 0 1 1 1
90 0 1 1 1 0 1 1 1
90.1 0 0 0 0 0 0 0 0
90.2 0 0 0 0 0 0 0 0
90.3 0 0 0 0 0 0 0 0
90.4 0 0 0 0 0 0 0 0
90.5 0 0 0 0 0 0 0 0
90.6 0 0 0 0 0 0 0 0
90.7 0 0 0 0 0 0 0 0
90.8 0 0 0 0 0 0 0 0
90.9 0 0 0 0 0 0 0 0
91 0 0 0 0 0 0 0 0
91.1 0 0 0 0 0 0 0 0
91.2 0 0 0 0 0 0 0 0
91.3 0 0 0 0 0 0 0 0
91.4 0 0 0 0 0 0 0 0
91.5 0 0 0 0 0 0 0 0
91.6 0 0 0 0 0 0 0 0
91.7 0 0 0 0 0 0 0 0
91.8 0 0 0 0 0 0 0 0
91.9 0 0 0 0 0 0 0 0
92 0 0 0 0 0 0 0 0
92.1 0 0 0 0 0 0 0 0
92.2 0 0 0 0 0 0 0 0
92.3 0 0 0 0 0 0 0 0
92.4 0 0 0 0 0 0 0 0
92.5 0 0 0 0 0 0 0 0
92.6 0 0 0 0 0 0 0 0
92.7 0 0 0 0 0 0 0 0
92.8 0 0 0 0 0 0 0 0
92.9 0 0 0 0 0 0 0 0
93 0 0 0 0 0 0 0 0
93.1 0 0 0 0 0 0 0 0
93.2 0 0 0 0 0 0 0 0
93.3 0 0 0 0 0 0 0 0
93.4 0 0 0 0 0 0 0 0
93.5 0 0 0 0 0 0 0 0
93.6 0 0 0 0 0 0 0 0
93.7 0 0 0 0 0 0 0 0
93.8 0 0 0 0 0 0 0 0
93.9 0 0 0 0 0 0 0 0
94 0 0 0 0 0 0 0 0
94.1 0 0 0 0 0 0 0 0
94.2 0 0 0 0 0 0 0 0
94.3 0 0 0 0 0 0 0 0
94.4 0 0 0 0 0 0 0 0
94.5 0 0 0 0 0 0 0 0
94.6 0 0 0 0 0 0 0 0
94.7 0 0 0 0 0 0 0 0
94.8 0 0 0 0 0 0 0 0
94.9 0 0 0 0 0 0 0 0
95 0 0 0 0 0 0 0 0
95.1 0 0 0 0 0 0 0 0
95.2 0 0 0 0 0 0 0 0
95.3 0 0 0 0 0 0 0 0
95.4 0 0 0 0 0 0 0 0
95.5 0 0 0 0 0 0 0 0
95.6 0 0 0 0 0 0 0 0
95.7 0 0 0 0 0 0 0 0
95.8 0 0 0 0 0 0 0 0
95.9 0 0 0 0 0 0 0 0
96 0 0 0 0 0 0 0 0
96.1 0 1 1 1 0 1 1 1
96.2 0 1 1 1 0 1 1 1
96.3 0 1 1 1 0 1 1 1
96.4 0 1 1 1 0 1 1 1
96.5 0 1 1 1 0 1 1 1
96.6 0 1 1 1 0 1 1 1
96.7 0 1 1 1 0 1 1 1
96.8 0 1 1 1 0 1 1 1
96.9 0 1 1 1 0 1 1 1
97 0 1 1 1 0 1 1 1
97.1 0 1 1 1 0 1 1 1
97.2 0 1 1 1 0 1 1 1
97.3 0 1 1 1 0 1 1 1
97.4 0 1 1 1 0 1 1 1
97.5 0 1 1 1 0 1 1 1
97.6 0 1 1 1 0 1 1 1
97.7 0 1 1 1 0 1 1 1
97.8 0 1 1 1 0 1 1 1
97.9 0 1 1 1 0 1 1 1
98 0 1 1 1 0 1 1 1
98.1 0 1 1 1 0 1 1 1
98.2 0 1 1 1 0 1 1 1
98.3 0 1 1 1 0 1 1 1
98.4 0 1 1 1 0 1 1 1
98.5 0 1 1 1 0 1 1 1
98.6 0 1 1 1 0 1 1 1
98.7 0 1 1 1 0 1 1 1
98.8 0 1 1 1 0 1 1 1
98.9 0 1 1 1 0 1 1 1
99 0 1 1 1 0 1 1 1
99.1 0 1 1 1 0 1 1 1
99.2 0 1 1 1 0 1 1 1
99.3 0 1 1 1 0 1 1 1
99.4 0 1 1 1 0 1 1 1
99.5 0 1 1 1 0 1 1 1
99.6 0 1 1 1 0 1 1 1
99.7 0 1 1 1 0 1 1 1
99.8 0 1 1 1 0 1 1 1
99.9 0 1 1 1 0 1 1 1
100 0 1 1 1 0 1 1 1
100.1 0 1 1 1 0 1 1 1
100.2 0 1 1 1 0 1 1 1
100.3 0 1 1 1 0 1 1 1
100.4 0 1 1 1 0 1 1 1
100.5 0 1 1 1 0 1 1 1
100.6 0 1 1 1 0 1 1 1
100.7 0 1 1 1 0 1 1 1
100.8 0 1 1 1 0 1 1 1
100.9 0 1 1 1 0 1 1 1
101 0 1 1 1 0 1 1 1
101.1 0 1 1 1 0 1 1 1
101.2 0 1 1 1 0 1 1 1
101.3 0 1 1 1 0 1 1 1
101.4 0 1 1 1 0 1 1 1
101.5 0 1 1 1 0 1 1 1
101.6 0 1 1 1 0 1 1 1
101.7 0 1 1 1 0 1 1 1
101.8 0 1 1 1 0 1 1 1
101.9 0 1 1 1 0 1 1 1
102 0 1 1 1 0 1 1 1
102.1 0 1 1 1 0 1 1 1
102.2 0 1 1 1 0 1 1 1
102.3 0 1 1 1 0 1 1 1
102.4 0 1 1 1 0 1 1 1
102.5 0 1 1 1 0 1 1 1
102.6 0 1 1 1 0 1 1 1
102.7 0 1 1 1 0 1 1 1
102.8 0 1 1 1 0 1 1 1
102.9 0 1 1 1 0 1 1 1
103 0 1 1 1 0 1 1 1
103.1 0 1 1 1 0 1 1 1
103.2 0 1 1 1 0 1 1 1
103.3 0 1 1 1 0 1 1 1
103.4 0 1 1 1 0 1 1 1
103.5 0 1 1 1 0 1 1 1
103.6 0 1 1 1 0 1 1 1
103.7 0 1 1 1 0 1 1 1
103.8 0 1 1 1 0 1 1 1
103.9 0 1 1 1 0 1 1 1
104 0 1 1 1 0 1 1 1
104.1 0 1 1 1 0 1 1 1
104.2 0 1 1 1 0 1 1 1
104.3 0 1 1 1 0 1 1 1
104.4 0 1 1 1 0 1 1 1
104.5 0 1 1 1 0 1 1 1
104.6 0 1 1 1 0 1 1 1
104.7 0 1 1 1 0 1 1 1
104.8 0 1 1 1 0 1 1 1
104.9 0 1 1 1 0 1 1 1
105 0 1 1 1 0 1 1 1
105.1 0 1 1 1 0 1 1 1
105.2 0 1 1 1 0 1 1 1
105.3 0 1 1 1 0 1 1 1
105.4 0 1 1 1 0 1 1 1
105.5 0 1 1 1 0 1 1 1
105.6 0 1 1 1 0 1 1 1
105.7 0 1 1 1 0 1 1 1
105.8 0 1 1 1 0 1 1 1
105.9 0 1 1 1 0 1 1 1
106 0 1 1 1 0 1 1 1
106.1 0 0 0 0 0 0 0 0
106.2 0 0 0 0 0 0 0 0
106.3 0 0 0 0 0 0 0 0
106.4 0 0 0 0 0 0 0 0
106.5 0 0 0 0 0 0 0 0
106.6 0 0 0 0 0 0 0 0
106.7 0 0 0 0 0 0 0 0
106.8 0 0 0 0 0 0 0 0
106.9 0 0 0 0 0 0 0 0
107 0 0 0 0 0 0 0 0
107.1 0 0 0 0 0 0 0 0
107.2 0 0 0 0 0 0 0 0
107.3 0 0 0 0 0 0 0 0
107.4 0 0 0 0 0 0 0 0
107.5 0 0 0 0 0 0 0 0
107.6 0 0 0 0 0 0 0 0
107.7 0 0 0 0 0 0 0 0
107.8 0 0 0 0 0 0 0 0
107.9 0 0 0 0 0 0 0 0
108 0 0 0 0 0 0 0 0
108.1 0 0 0 0 0 0 0 0
108.2 0 0 0 0 0 0 0 0
108.3 0 0 0 0 0 0 0 0
108.4 0 0 0 0 0 0 0 0
108.5 0 0 0 0 0 0 0 0
108.6 0 0 0 0 0 0 0 0
108.7 0 0 0 0 0 0 0 0
108.8 0 0 0 0 0 0 0 0
108.9 0 0 0 0 0 0 0 0
109 0 0 0 0 0 0 0 0
109.1 0 0 0 0 0 0 0 0
109.2 0 0 0 0 0 0 0 0
109.3 0 0 0 0 0 0 0 0
109.4 0 0 0 0 0 0 0 0
109.5 0 0 0 0 0 0 0 0
109.6 0 0 0 0 0 0 0 0
109.7 0 0 0 0 0 0 0 0
109.8 0 0 0 0 0 0 0 0
109.9 0 0 0 0 0 0 0 0
110 0 0 0 0 0 0 0 0
110.1 0 0 0 0 0 0 0 0
110.2 0 0 0 0 0 0 0 0
110.3 0 0 0 0 0 0 0 0
110.4 0 0 0 0 0 0 0 0
110.5 0 0 0 0 0 0 0 0
110.6 0 0 0 0 0 0 0 0
110.7 0 0 0 0 0 0 0 0
110.8 0 0 0 0 0 0 0 0
110.9 0 0 0 0 0 0 0 0
111 0 0 0 0 0 0 0 0
111.1 0 0 0 0 0 0 0 0
111.2 0 0 0 0 0 0 0 0
111.3 0 0 0 0 0 0 0 0
111.4 0 0 0 0 0 0 0 0
111.5 0 0 0 0 0 0 0 0
111.6 0 0 0 0 0 0 0 0
111.7 0 0 0 0 0 0 0 0
111.8 0 0 0 0 0 0 0 0
111.9 0 0 0 0 0 0 0 0
112 0 0 0 0 0 0 0 0
112.1 0 1 1 1 0 1 1 1
112.2 0 1 1 1 0 1 1 1
112.3 0 1 1 1 0 1 1 1
112.4 0 1 1 1 0 1 1 1
112.5 0 1 1 1 0 1 1 1
112.6 0 1 1 1 0 1 1 1
112.7 0 1 1 1 0 1 1 1
112.8 0 1 1 1 0 1 1 1
112.9 0 1 1 1 0 1 1 1
113 0 1 1 1 0 1 1 1
113.1 0 1 1 1 0 1 1 1
113.2 0 1 1 1 0 1 1 1
113.3 0 1 1 1 0 1 1 1
113.4 0 1 1 1 0 1 1 1
113.5 0 1 1 1 0 1 1 1
113.6 0 1 1 1 0 1 1 1
113.7 0 1 1 1 0 1 1 1
113.8 0 1 1 1 0 1 1 1
113.9 0 1 1 1 0 1 1 1
114 0 1 1 1 0 1 1 1
114.1 0 1 1 1 0 1 1 1
114.2 0 1 1 1 0 1 1 1
114.3 0 1 1 1 0 1 1 1
114.4 0 1 1 1 0 1 1 1
114.5 0 1 1 1 0 1 1 1
114.6 0 1 1 1 0 1 1 1
114.7 0 1 1 1 0 1 1 1
114.8 0 1 1 1 0 1 1 1
114.9 0 1 1 1 0 1 1 1
115 0 1 1 1 0 1 1 1
115.1 0 1 1 1 0 1 1 1
115.2 0 1 1 1 0 1 1 1
115.3 0 1 1 1 0 1 1 1
115.4 0 1 1 1 0 1 1 1
115.5 0 1 1 1 0 1 1 1
115.6 0 1 1 1 0 1 1 1
115.7 0 1 1 1 0 1 1 1
115.8 0 1 1 1 0 1 1 1
115.9 0 1 1 1 0 1 1 1
116 0 1 1 1 0 1 1 1
116.1 0 1 1 1 0 1 1 1
116.2 0 1 1 1 0 1 1 1
116.3 0 1 1 1 0 1 1 1
116.4 0 1 1 1 0 1 1 1
116.5 0 1 1 1 0 1 1 1
116.6 0 1 1 1 0 1 1 1
116.7 0 1 1 1 0 1 1 1
116.8 0 1 1 1 0 1 1 1
116.9 0 1 1 1 0 1 1 1
117 0 1 1 1 0 1 1 1
117.1 0 1 1 1 0 1 1 1
117.2 0 1 1 1 0 1 1 1
117.3 0 1 1 1 0 1 1 1
117.4 0 1 1 1 0 1 1 1
117.5 0 1 1 1 0 1 1 1
117.6 0 1 1 1 0 1 1 1
117.7 0 1 1 1 0 1 1 1
117.8 0 1 1 1 0 1 1 1
117.9 0 1 1 1 0 1 1 1
118 0 1 1 1 0 1 1 1
118.1 0 1 1 1 0 1 1 1
118.2 0 1 1 1 0 1 1 1
118.3 0 1 1 1 0 1 1 1
118.4 0 1 1 1 0 1 1 1
118.5 0 1 1 1 0 1 1 1
118.6 0 1 1 1 0 1 1 1
118.7 0 1 1 1 0 1 1 1
118.8 0 1 1 1 0 1 1 1
118.9 0 1 1 1 0 1 1 1
119 0 1 1 1 0 1 1 1
119.1 0 1 1 1 0 1 1 1
119.2 0 1 1 1 0 1 1 1
119.3 0 1 1 1 0 1 1 1
119.4 0 1 1 1 0 1 1 1
119.5 0 1 1 1 0 1 1 1
119.6 0 1 1 1 0 1 1 1
119.7 0 1 1 1 0 1 1 1
119.8 0 1 1 1 0 1 1 1
119.9 0 1 1 1 0 1 1 1
120 0 1 1 1 0 1 1 1
120.1 0 1 1 1 0 1 1 1
120.2 0 1 1 1 0 1 1 1
120.3 0 1 1 1 0 1 1 1
120.4 0 1 1 1 0 1 1 1
120.5 0 1 1 1 0 1 1 1
120.6 0 1 1 1 0 1 1 1
120.7 0 1 1 1 0 1 1 1
120.8 0 1 1 1 0 1 1 1
120.9 0 1 1 1 0 1 1 1
121 0 1 1 1 0 1 1 1
121.1 0 1 1 1 0 1 1 1
121.2 0 1 1 1 0 1 1 1
121.3 0 1 1 1 0 1 1 1
121.4 0 1 1 1 0 1 1 1
121.5 0 1 1 1 0 1 1 1
121.6 0 1 1 1 0 1 1 1
121.7 0 1 1 1 0 1 1 1
121.8 0 1 1 1 0 1 1 1
121.9 0 1 1 1 0 1 1 1
122 0 1 1 1 0 1 1 1
122.1 0 0 0 0 0 0 0 0
122.2 0 0 0 0 0 0 0 0
122.3 0 0 0 0 0 0 0 0
122.4 0 0 0 0 0 0 0 0
122.5 0 0 0 0 0 0 0 0
122.6 0 0 0 0 0 0 0 0
122.7 0 0 0 0 0 0 0 0
122.8 0 0 0 0 0 0 0 0
122.9 0 0 0 0 0 0 0 0
123 0 0 0 0 0 0 0 0
123.1 0 0 0 0 0 0 0 0
123.2 0 0 0 0 0 0 0 0
123.3 0 0 0 0 0 0 0 0
123.4 0 0 0 0 0 0 0 0
123.5 0 0 0 0 0 0 0 0
123.6 0 0 0 0 0 0 0 0
123.7 0 0 0 0 0 0 0 0
123.8 0 0 0 0 0 0 0 0
123.9 0 0 0 0 0 0 0 0
124 0 0 0 0 0 0 0 0
124.1 0 0 0 0 0 0 0 0
124.2 0 0 0 0 0 0 0 0
124.3 0 0 0 0 0 0 0 0
124.4 0 0 0 0 0 0 0 0
124.5 0 0 0 0 0 0 0 0
124.6 0 0 0 0 0 0 0 0
124.7 0 0 0 0 0 0 0 0
124.8 0 0 0 0 0 0 0 0
124.9 0 0 0 0 0 0 0 0
125 0 0 0 0 0 0 0 0
125.1 0 0 0 0 0 0 0 0
125.2 0 0 0 0 0 0 0 0
125.3 0 0 0 0 0 0 0 0
125.4 0 0 0 0 0 0 0 0
125.5 0 0 0 0 0 0 0 0
125.6 0 0 0 0 0 0 0 0
125.7 0 0 0 0 0 0 0 0
125.8 0 0 0 0 0 0 0 0
125.9 0 0 0 0 0 0 0 0
126 0 0 0 0 0 0 0 0
126.1 0 0 0 0 0 0 0 0
126.2 0 0 0 0 0 0 0 0
126.3 0 0 0 0 0 0 0 0
126.4 0 0 0 0 0 0 0 0
126.5 0 0 0 0 0 0 0 0
126.6 0 0 0 0 0 0 0 0
126.7 0 0 0 0 0 0 0 0
126.8 0 0 0 0 0 0 0 0
126.9 0 0 0 0 0 0 0 0
127 0 0 0 0 0 0 0 0
127.1 0 0 0 0 0 0 0 0
127.2 0 0 0 0 0 0 0 0
127.3 0 0 0 0 0 0 0 0
127.4 0 0 0 0 0 0 0 0
127.5 0 0 0 0 0 0 0 0
127.6 0 0 0 0 0 0 0 0
127.7 0 0 0 0 0 0 0 0
127.8 0 0 0 0 0 0 0 0
127.9 0 0 0 0 0 0 0 0
128 0 0 0 0 0 0 0 0
128.1 0 1 1 1 0 1 1 1
128.2 0 1 1 1 0 1 1 1
128.3 0 1 1 1 0 1 1 1
128.4 0 1 1 1 0 1 1 1
128.5 0 1 1 1 0 1 1 1
128.6 0 1 1 1 0 1 1 1
128.7 0 1 1 1 0 1 1 1
128.8 0 1 1 1 0 1 1 1
128.9 0 1 1 1 0 1 1 1
129 0 1 1 1 0 1 1 1
129.1 0 1 1 1 0 1 1 1
129.2 0 1 1 1 0 1 1 1
129.3 0 1 1 1 0 1 1 1
129.4 0 1 1 1 0 1 1 1
129.5 0 1 1 1 0 1 1 1
129.6 0 1 1 1 0 1 1 1
129.7 0 1 1 1 0 1 1 1
129.8 0 1 1 1 0 1 1 1
129.9 0 1 1 1 0 1 1 1
130 0 1 1 1 0 1 1 1
130.1 0 1 1 1 0 1 1 1
130.2 0 1 1 1 0 1 1 1
130.3 0 1 1 1 0 1 1 1
130.4 0 1 1 1 0 1 1 1
130.5 0 1 1 1 0 1 1 1
130.6 0 1 1 1 0 1 1 1
130.7 0 1 1 1 0 1 1 1
130.8 0 1 1 1 0 1 1 1
130.9 0 1 1 1 0 1 1 1
131 0 1 1 1 0 1 1 1
131.1 0 1 1 1 0 1 1 1
131.2 0 1 1 1 0 1 1 1
131.3 0 1 1 1 0 1 1 1
131.4 0 1 1 1 0 1 1 1
131.5 0 1 1 1 0 1 1 1
131.6 0 1 1 1 0 1 1 1
131.7 0 1 1 1 0 1 1 1
131.8 0 1 1 1 0 1 1 1
131.9 0 1 1 1 0 1 1 1
132 0 1 1 1 0 1 1 1
132.1 0 1 1 1 0 1 1 1
132.2 0 1 1 1 0 1 1 1
132.3 0 1 1 1 0 1 1 1
132.4 0 1 1 1 0 1 1 1
132.5 0 1 1 1 0 1 1 1
132.6 0 1 1 1 0 1 1 1
132.7 0 1 1 1 0 1 1 1
132.8 0 1 1 1 0 1 1 1
132.9 0 1 1 1 0 1 1 1
133 0 1 1 1 0 1 1 1
133.1 0 1 1 1 0 1 1 1
133.2 0 1 1 1 0 1 1 1
133.3 0 1 1 1 0 1 1 1
133.4 0 1 1 1 0 1 1 1
133.5 0 1 1 1 0 1 1 1
133.6 0 1 1 1 0 1 1 1
133.7 0 1 1 1 0 1 1 1
133.8 0 1 1 1 0 1 1 1
133.9 0 1 1 1 0 1 1 1
134 0 1 1 1 0 1 1 1
134.1 0 1 1 1 0 1 1 1
134.2 0 1 1 1 0 1 1 1
134.3 0 1 1 1 0 1 1 1
134.4 0 1 1 1 0 1 1 1
134.5 0 1 1 1 0 1 1 1
134.6 0 1 1 1 0 1 1 1
134.7 0 1 1 1 0 1 1 1
134.8 0 1 1 1 0 1 1 1
134.9 0 1 1 1 0 1 1 1
135 0 1 1 1 0 1 1 1
135.1 0 1 1 1 0 1 1 1
135.2 0 1 1 1 0 1 1 1
135.3 0 1 1 1 0 1 1 1
135.4 0 1 1 1 0 1 1 1
135.5 0 1 1 1 0 1 1 1
135.6 0 1 1 1 0 1 1 1
135.7 0 1 1 1 0 1 1 1
135.8 0 1 1 1 0 1 1 1
135.9 0 1 1 1 0 1 1 1
136 0 1 1 1 0 1 1 1
136.1 0 1 1 1 0 1 1 1
136.2 0 1 1 1 0 1 1 1
136.3 0 1 1 1 0 1 1 1
136.4 0 1 1 1 0 1 1 1
136.5 0 1 1 1 0 1 1 1
136.6 0 1 1 1 0 1 1 1
136.7 0 1 1 1 0 1 1 1
136.8 0 1 1 1 0 1 1 1
136.9 0 1 1 1 0 1 1 1
137 0 1 1 1 0 1 1 1
137.1 0 1 1 1 0 1 1 1
137.2 0 1 1 1 0 1 1 1
137.3 0 1 1 1 0 1 1 1
137.4 0 1 1 1 0 1 1 1
137.5 0 1 1 1 0 1 1 1
137.6 0 1 1 1 0 1 1 1
137.7 0 1 1 1 0 1 1 1
137.8 0 1 1 1 0 1 1 1
137.9 0 1 1 1 0 1 1 1
138 0 1 1 1 0 1 1 1
138.1 0 0 0 0 0 0 0 0
138.2 0 0 0 0 0 0 0 0
138.3 0 0 0 0 0 0 0 0
138.4 0 0 0 0 0 0 0 0
138.5 0 0 0 0 0 0 0 0
138.6 0 0 0 0 0 0 0 0
138.7 0 0 0 0 0 0 0 0
138.8 0 0 0 0 0 0 0 0
138.9 0 0 0 0 0 0 0 0
139 0 0 0 0 0 0 0 0
139.1 0 0 0 0 0 0 0 0
139.2 0 0 0 0 0 0 0 0
139.3 0 0 0 0 0 0 0 0
139.4 0 0 0 0 0 0 0 0
139.5 0 0 0 0 0 0 0 0
139.6 0 0 0 0 0 0 0 0
139.7 0 0 0 0 0 0 0 0
139.8 0 0 0 0 0 0 0 0
139.9 0 0 0 0 0 0 0 0
140 0 0 0 0 0 0 0 0
140.1 0 0 0 0 0 0 0 0
140.2 0 0 0 0 0 0 0 0
140.3 0 0 0 0 0 0 0 0
140.4 0 0 0 0 0 0 0 0
140.5 0 0 0 0 0 0 0 0
140.6 0 0 0 0 0 0 0 0
140.7 0 0 0 0 0 0 0 0
140.8 0 0 0 0 0 0 0 0
140.9 0 0 0 0 0 0 0 0
141 0 0 0 0 0 0 0 0
141.1 0 0 0 0 0 0 0 0
141.2 0 0 0 0 0 0 0 0
141.3 0 0 0 0 0 0 0 0
141.4 0 0 0 0 0 0 0 0
141.5 0 0 0 0 0 0 0 0
141.6 0 0 0 0 0 0 0 0
141.7 0 0 0 0 0 0 0 0
141.8 0 0 0 0 0 0 0 0
141.9 0 0 0 0 0 0 0 0
142 0 0 0 0 0 0 0 0
142.1 0 0 0 0 0 0 0 0
142.2 0 0 0 0 0 0 0 0
142.3 0 0 0 0 0 0 0 0
142.4 0 0 0 0 0 0 0 0
142.5 0 0 0 0 0 0 0 0
142.6 0 0 0 0 0 0 0 0
142.7 0 0 0 0 0 0 0 0
142.8 0 0 0 0 0 0 0 0
142.9 0 0 0 0 0 0 0 0
143 0 0 0 0 0 0 0 0
143.1 0 0 0 0 0 0 0 0
143.2 0 0 0 0 0 0 0 0
143.3 0 0 0 0 0 0 0 0
143.4 0 0 0 0 0 0 0 0
143.5 0 0 0 0 0 0 0 0
143.6 0 0 0 0 0 0 0 0
143.7 0 0 0 0 0 0 0 0
143.8 0 0 0 0 0 0 0 0
143.9 0 0 0 0 0 0 0 0
144 0 0 0 0 0 0 0 0
144.1 0 0 0 0 0 0 0 0
144.2 0 0 0 0 0 0 0 0
144.3 0 0 0 0 0 0 0 0
144.4 0 0 0 0 0 0 0 0
144.5 0 0 0 0 0 0 0 0
144.6 0 0 0 0 0 0 0 0
144.7 0 0 0 0 0 0 0 0
144.8 0 0 0 0 0 0 0 0
144.9 0 0 0 0 0 0 0 0
145 0 0 0 0 0 0 0 0
145.1 0 0 0 0 0 0 0 0
145.2 0 0 0 0 0 0 0 0
145.3 0 0 0 0 0 0 0 0
145.4 0 0 0 0 0 0 0 0
145.5 0 0 0 0 0 0 0 0
145.6 0 0 0 0 0 0 0 0
145.7 0 0 0 0 0 0 0 0
145.8 0 0 0 0 0 0 0 0
145.9 0 0 0 0 0 0 0 0
146 0 0 0 0 0 0 0 0
146.1 0 0 0 0 0 0 0 0
146.2 0 0 0 0 0 0 0 0
146.3 0 0 0 0 0 0 0 0
146.4 0 0 0 0 0 0 0 0
146.5 0 0 0 0 0 0 0 0
146.6 0 0 0 0 0 0 0 0
146.7 0 0 0 0 0 0 0 0
146.8 0 0 0 0 0 0 0 0
146.9 0 0 0 0 0 0 0 0
147 0 0 0 0 0 0 0 0
147.1 0 0 0 0 0 0 0 0
147.2 0 0 0 0 0 0 0 0
147.3 0 0 0 0 0 0 0 0
147.4 0 0 0 0 0 0 0 0
147.5 0 0 0 0 0 0 0 0
147.6 0 0 0 0 0 0 0 0
147.7 0 0 0 0 0 0 0 0
147.8 0 0 0 0 0 0 0 0
147.9 0 0 0 0 0 0 0 0
148 0 0 0 0 0 0 0 0
148.1 0 0 0 0 0 0 0 0
148.2 0 0 0 0 0 0 0 0
148.3 0 0 0 0 0 0 0 0
148.4 0 0 0 0 0 0 0 0
148.5 0 0 0 0 0 0 0 0
148.6 0 0 0 0 0 0 0 0
148.7 0 0 0 0 0 0 0 0
148.8 0 0 0 0 0 0 0 0
148.9 0 0 0 0 0 0 0 0
149 0 0 0 0 0 0 0 0
149.1 0 0 0 0 0 0 0 0
149.2 0 0 0 0 0 0 0 0
149.3 0 0 0 0 0 0 0 0
149.4 0 0 0 0 0 0 0 0
149.5 0 0 0 0 0 0 0 0
149.6 0 0 0 0 0 0 0 0
149.7 0 0 0 0 0 0 0 0
149.8 0 0 0 0 0 0 0 0
149.9 0 0 0 0 0 0 0 0
150 0 0 0 0 0 0 0 0
150.1 0 0 0 0 0 0 0 0
150.2 0 0 0 0 0 0 0 0
150.3 0 0 0 0 0 0 0 0
150.4 0 0 0 0 0 0 0 0
150.5 0 0 0 0 0 0 0 0
150.6 0 0 0 0 0 0 0 0
150.7 0 0 0 0 0 0 0 0
150.8 0 0 0 0 0 0 0 0
150.9 0 0 0 0 0 0 0 0
151 0 0 0 0 0 0 0 0
151.1 0 0 0 0 0 0 0 0
151.2 0 0 0 0 0 0 0 0
151.3 0 0 0 0 0 0 0 0
151.4 0 0 0 0 0 0 0 0
151.5 0 0 0 0 0 0 0 0
151.6 0 0 0 0 0 0 0 0
151.7 0 0 0 0 0 0 0 0
151.8 0 0 0 0 0 0 0 0
151.9 0 0 0 0 0 0 0 0
152 0 0 0 0 0 0 0 0
152.1 0 0 0 0 0 0 0 0
152.2 0 0 0 0 0 0 0 0
152.3 0 0 0 0 0 0 0 0
152.4 0 0 0 0 0 0 0 0
152.5 0 0 0 0 0 0 0 0
152.6 0 0 0 0 0 0 0 0
152.7 0 0 0 0 0 0 0 0
152.8 0 0 0 0 0 0 0 0
152.9 0 0 0 0 0 0 0 0
153 0 0 0 0 0 0 0 0
153.1 0 0 0 0 0 0 0 0
153.2 0 0 0 0 0 0 0 0
153.3 0 0 0 0 0 0 0 0
153.4 0 0 0 0 0 0 0 0
153.5 0 0 0 0 0 0 0 0
153.6 0 0 0 0 0 0 0 0
153.7 0 0 0 0 0 0 0 0
153.8 0 0 0 0 0 0 0 0
153.9 0 0 0 0 0 0 0 0
154 0 0 0 0 0 0 0 0
154.1 0 0 0 0 0 0 0 0
154.2 0 0 0 0 0 0 0 0
154.3 0 0 0 0 0 0 0 0
154.4 0 0 0 0 0 0 0 0
154.5 0 0 0 0 0 0 0 0
154.6 0 0 0 0 0 0 0 0
154.7 0 0 0 0 0 0 0 0
154.8 0 0 0 0 0 0 0 0
154.9 0 0 0 0 0 0 0 0
155 0 0 0 0 0 0 0 0
155.1 0 0 0 0 0 0 0 0
155.2 0 0 0 0 0 0 0 0
155.3 0 0 0 0 0 0 0 0
155.4 0 0 0 0 0 0 0 0
155.5 0 0 0 0 0 0 0 0
155.6 0 0 0 0 0 0 0 0
155.7 0 0 0 0 0 0 0 0
155.8 0 0 0 0 0 0 0 0
155.9 0 0 0 0 0 0 0 0
156 0 0 0 0 0 0 0 0
156.1 0 0 0 0 0 0 0 0
156.2 0 0 0 0 0 0 0 0
156.3 0 0 0 0 0 0 0 0
156.4 0 0 0 0 0 0 0 0
156.5 0 0 0 0 0 0 0 0
156.6 0 0 0 0 0 0 0 0
156.7 0 0 0 0 0 0 0 0
156.8 0 0 0 0 0 0 0 0
156.9 0 0 0 0 0 0 0 0
157 0 0 0 0 0 0 0 0
157.1 0 0 0 0 0 0 0 0
157.2 0 0 0 0 0 0 0 0
157.3 0 0 0 0 0 0 0 0
157.4 0 0 0 0 0 0 0 0
157.5 0 0 0 0 0 0 0 0
157.6 0 0 0 0 0 0 0 0
157.7 0 0 0 0 0 0 0 0
157.8 0 0 0 0 0 0 0 0
157.9 0 0 0 0 0 0 0 0
158 0 0 0 0 0 0 0 0
158.1 0 0 0 0 0 0 0 0
158.2 0 0 0 0 0 0 0 0
158.3 0 0 0 0 0 0 0 0
158.4 0 0 0 0 0 0 0 0
158.5 0 0 0 0 0 0 0 0
158.6 0 0 0 0 0 0 0 0
158.7 0 0 0 0 0 0 0 0
158.8 0 0 0 0 0 0 0 0
158.9 0 0 0 0 0 0 0 0
159 0 0 0 0 0 0 0 0
159.1 0 0 0 0 0 0 0 0
159.2 0 0 0 0 0 0 0 0
159.3 0 0 0 0 0 0 0 0
159.4 0 0 0 0 0 0 0 0
159.5 0 0 0 0 0 0 0 0
159.6 0 0 0 0 0 0 0 0
159.7 0 0 0 0 0 0 0 0
159.8 0 0 0 0 0 0 0 0
159.9 0 0 0 0 0 0 0 0
160 0 0 0 0 0 0 0 0
160.1 0 0 0 0 0 0 0 0
160.2 0 0 0 0 0 0 0 0
160.3 0 0 0 0 0 0 0 0
160.4 0 0 0 0 0 0 0 0
160.5 0 0 0 0 0 0 0 0
160.6 0 0 0 0 0 0 0 0
160.7 0 0 0 0 0 0 0 0
160.8 0 0 0 0 0 0 0 0
160.9 0 0 0 0 0 0 0 0
161 0 0 0 0 0 0 0 0
161.1 0 0 0 0 0 0 0 0
161.2 0 0 0 0 0 0 0 0
161.3 0 0 0 0 0 0 0 0
161.4 0 0 0 0 0 0 0 0
161.5 0 0 0 0 0 0 0 0
161.6 0 0 0 0 0 0 0 0
161.7 0 0 0 0 0 0 0 0
161.8 0 0 0 0 0 0 0 0
161.9 0 0 0 0 0 0 0 0
162 0 0 0 0 0 0 0 0
162.1 0 0 0 0 0 0 0 0
162.2 0 0 0 0 0 0 0 0
162.3 0 0 0 0 0 0 0 0
162.4 0 0 0 0 0 0 0 0
162.5 0 0 0 0 0 0 0 0
162.6 0 0 0 0 0 0 0 0
162.7 0 0 0 0 0 0 0 0
162.8 0 0 0 0 0 0 0 0
162.9 0 0 0 0 0 0 0 0
163 0 0 0 0 0 0 0 0
163.1 0 0 0 0 0 0 0 0
163.2 0 0 0 0 0 0 0 0
163.3 0 0 0 0 0 0 0 0
163.4 0 0 0 0 0 0 0 0
163.5 0 0 0 0 0 0 0 0
163.6 0 0 0 0 0 0 0 0
163.7 0 0 0 0 0 0 0 0
163.8 0 0 0 0 0 0 0 0
163.9 0 0 0 0 0 0 0 0
164 0 0 0 0 0 0 0 0
164.1 0 0 0 0 0 0 0 0
164.2 0 0 0 0 0 0 0 0
164.3 0 0 0 0 0 0 0 0
164.4 0 0 0 0 0 0 0 0
164.5 0 0 0 0 0 0 0 0
164.6 0 0 0 0 0 0 0 0
164.7 0 0 0 0 0 0 0 0
164.8 0 0 0 0 0 0 0 0
164.9 0 0 0 0 0 0 0 0
165 0 0 0 0 0 0 0 0
165.1 0 0 0 0 0 0 0 0
165.2 0 0 0 0 0 0 0 0
165.3 0 0 0 0 0 0 0 0
165.4 0 0 0 0 0 0 0 0
165.5 0 0 0 0 0 0 0 0
165.6 0 0 0 0 0 0 0 0
165.7 0 0 0 0 0 0 0 0
165.8 0 0 0 0 0 0 0 0
165.9 0 0 0 0 0 0 0 0
166 0 0 0 0 0 0 0 0
166.1 0 0 0 0 0 0 0 0
166.2 0 0 0 0 0 0 0 0
166.3 0 0 0 0 0 0 0 0
166.4 0 0 0 0 0 0 0 0
166.5 0 0 0 0 0 0 0 0
166.6 0 0 0 0 0 0 0 0
166.7 0 0 0 0 0 0 0 0
166.8 0 0 0 0 0 0 0 0
166.9 0 0 0 0 0 0 0 0
167 0 0 0 0 0 0 0 0
167.1 0 0 0 0 0 0 0 0
167.2 0 0 0 0 0 0 0 0
167.3 0 0 0 0 0 0 0 0
167.4 0 0 0 0 0 0 0 0
167.5 0 0 0 0 0 0 0 0
167.6 0 0 0 0 0 0 0 0
167.7 0 0 0 0 0 0 0 0
167.8 0 0 0 0 0 0 0 0
167.9 0 0 0 0 0 0 0 0
168 0 0 0 0 0 0 0 0
168.1 0 0 0 0 0 0 0 0
168.2 0 0 0 0 0 0 0 0
168.3 0 0 0 0 0 0 0 0
168.4 0 0 0 0 0 0 0 0
168.5 0 0 0 0 0 0 0 0
168.6 0 0 0 0 0 0 0 0
168.7 0 0 0 0 0 0 0 0
168.8 0 0 0 0 0 0 0 0
168.9 0 0 0 0 0 0 0 0
169 0 0 0 0 0 0 0 0
169.1 0 0 0 0 0 0 0 0
169.2 0 0 0 0 0 0 0 0
169.3 0 0 0 0 0 0 0 0
169.4 0 0 0 0 0 0 0 0
169.5 0 0 0 0 0 0 0 0
169.6 0 0 0 0 0 0 0 0
169.7 0 0 0 0 0 0 0 0
169.8 0 0 0 0 0 0 0 0
169.9 0 0 0 0 0 0 0 0
170 0 0 0 0 0 0 0 0
170.1 0 0 0 0 0 0 0 0
170.2 0 0 0 0 0 0 0 0
170.3 0 0 0 0 0 0 0 0
170.4 0 0 0 0 0 0 0 0
170.5 0 0 0 0 0 0 0 0
170.6 0 0 0 0 0 0 0 0
170.7 0 0 0 0 0 0 0 0
170.8 0 0 0 0 0 0 0 0
170.9 0 0 0 0 0 0 0 0
171 0 0 0 0 0 0 0 0
171.1 0 0 0 0 0 0 0 0
171.2 0 0 0 0 0 0 0 0
171.3 0 0 0 0 0 0 0 0
171.4 0 0 0 0 0 0 0 0
171.5 0 0 0 0 0 0 0 0
171.6 0 0 0 0 0 0 0 0
171.7 0 0 0 0 0 0 0 0
171.8 0 0 0 0 0 0 0 0
171.9 0 0 0 0 0 0 0 0
172 0 0 0 0 0 0 0 0
172.1 0 0 0 0 0 0 0 0
172.2 0 0 0 0 0 0 0 0
172.3 0 0 0 0 0 0 0 0
172.4 0 0 0 0 0 0 0 0
172.5 0 0 0 0 0 0 0 0
172.6 0 0 0 0 0 0 0 0
172.7 0 0 0 0 0 0 0 0
172.8 0 0 0 0 0 0 0 0
172.9 0 0 0 0 0 0 0 0
173 0 0 0 0 0 0 0 0
173.1 0 0 0 0 0 0 0 0
173.2 0 0 0 0 0 0 0 0
173.3 0 0 0 0 0 0 0 0
173.4 0 0 0 0 0 0 0 0
173.5 0 0 0 0 0 0 0 0
173.6 0 0 0 0 0 0 0 0
173.7 0 0 0 0 0 0 0 0
173.8 0 0 0 0 0 0 0 0
173.9 0 0 0 0 0 0 0 0
174 0 0 0 0 0 0 0 0
174.1 0 0 0 0 0 0 0 0
174.2 0 0 0 0 0 0 0 0
174.3 0 0 0 0 0 0 0 0
174.4 0 0 0 0 0 0 0 0
174.5 0 0 0 0 0 0 0 0
174.6 0 0 0 0 0 0 0 0
174.7 0 0 0 0 0 0 0 0
174.8 0 0 0 0 0 0 0 0
174.9 0 0 0 0 0 0 0 0
175 0 0 0 0 0 0 0 0
175.1 0 0 0 0 0 0 0 0
175.2 0 0 0 0 0 0 0 0
175.3 0 0 0 0 0 0 0 0
175.4 0 0 0 0 0 0 0 0
175.5 0 0 0 0 0 0 0 0
175.6 0 0 0 0 0 0 0 0
175.7 0 0 0 0 0 0 0 0
175.8 0 0 0 0 0 0 0 0
175.9 0 0 0 0 0 0 0 0
176 0 0 0 0 0 0 0 0
176.1 0 0 0 0 0 0 0 0
176.2 0 0 0 0 0 0 0 0
176.3 0 0 0 0 0 0 0 0
176.4 0 0 0 0 0 0 0 0
176.5 0 0 0 0 0 0 0 0
176.6 0 0 0 0 0 0 0 0
176.7 0 0 0 0 0 0 0 0
176.8 0 0 0 0 0 0 0 0
176.9 0 0 0 0 0 0 0 0
177 0 0 0 0 0 0 0 0
177.1 0 0 0 0 0 0 0 0
177.2 0 0 0 0 0 0 0 0
177.3 0 0 0 0 0 0 0 0
177.4 0 0 0 0 0 0 0 0
177.5 0 0 0 0 0 0 0 0
177.6 0 0 0 0 0 0 0 0
177.7 0 0 0 0 0 0 0 0
177.8 0 0 0 0 0 0 0 0
177.9 0 0 0 0 0 0 0 0
178 0 0 0 0 0 0 0 0
178.1 0 0 0 0 0 0 0 0
178.2 0 0 0 0 0 0 0 0
178.3 0 0 0 0 0 0 0 0
178.4 0 0 0 0 0 0 0 0
178.5 0 0 0 0 0 0 0 0
178.6 0 0 0 0 0 0 0 0
178.7 0 0 0 0 0 0 0 0
178.8 0 0 0 0 0 0 0 0
178.9 0 0 0 0 0 0 0 0
179 0 0 0 0 0 0 0 0
179.1 0 0 0 0 0 0 0 0
179.2 0 0 0 0 0 0 0 0
179.3 0 0 0 0 0 0 0 0
179.4 0 0 0 0 0 0 0 0
179.5 0 0 0 0 0 0 0 0
179.6 0 0 0 0 0 0 0 0
179.7 0 0 0 0 0 0 0 0
179.8 0 0 0 0 0 0 0 0
179.9 0 0 0 0 0 0 0 0
180 0 0 0 0 0 0 0 0
